<?xml version="1.0" encoding="UTF-8"?>
<!-- Generated by org.testng.reporters.JUnitReportReporter -->
<testsuite hostname="sidharth" failures="0" tests="4" name="RestAssate.DataDriven_Test" time="12.881" errors="0" timestamp="2021-09-22T14:49:27 IST" skipped="0">
  <testcase classname="RestAssate.DataDriven_Test" name="PostMethod" time="0.959"/>
  <system-out/>
  <testcase classname="RestAssate.DataDriven_Test" name="PostMethod" time="7.482"/>
  <system-out/>
  <testcase classname="RestAssate.DataDriven_Test" name="PostMethod" time="2.232"/>
  <system-out/>
  <testcase classname="RestAssate.DataDriven_Test" name="PostMethod" time="2.208"/>
  <system-out/>
</testsuite> <!-- RestAssate.DataDriven_Test -->
