<?xml version="1.0" encoding="UTF-8"?>
<!-- Generated by org.testng.reporters.JUnitReportReporter -->
<testsuite hostname="sidharth" failures="0" tests="1" name="RestAssate.GETvalueofEachnodes" time="13.006" errors="0" timestamp="2021-09-20T09:26:57 IST" skipped="0">
  <testcase classname="RestAssate.GETvalueofEachnodes" name="get" time="13.006"/>
  <system-out/>
</testsuite> <!-- RestAssate.GETvalueofEachnodes -->
