<?xml version="1.0" encoding="UTF-8"?>
<!-- Generated by org.testng.reporters.JUnitReportReporter -->
<testsuite hostname="sidharth" failures="0" tests="1" name="RestAssate.Put_MEthod" time="8.123" errors="0" timestamp="2021-09-20T11:10:28 IST" skipped="0">
  <testcase classname="RestAssate.Put_MEthod" name="Put" time="8.123"/>
  <system-out/>
</testsuite> <!-- RestAssate.Put_MEthod -->
