<?xml version="1.0" encoding="UTF-8"?>
<!-- Generated by org.testng.reporters.JUnitReportReporter -->
<testsuite hostname="sidharth" failures="0" tests="1" name="RestAssate.Class" time="9.124" errors="0" timestamp="2021-09-20T10:16:35 IST" skipped="0">
  <testcase classname="RestAssate.Class" name="test" time="9.124"/>
  <system-out/>
</testsuite> <!-- RestAssate.Class -->
