<?xml version="1.0" encoding="UTF-8"?>
<!-- Generated by org.testng.reporters.JUnitReportReporter -->
<testsuite hostname="sidharth" failures="0" tests="1" name="RestAssate.RespondsBody" time="7.771" errors="0" timestamp="2021-09-18T15:52:39 IST" skipped="0">
  <testcase classname="RestAssate.RespondsBody" name="JsonRespondbody" time="7.771"/>
  <system-out/>
</testsuite> <!-- RestAssate.RespondsBody -->
