<?xml version="1.0" encoding="UTF-8"?>
<!-- Generated by org.testng.reporters.JUnitReportReporter -->
<testsuite hostname="sidharth" failures="0" tests="1" name="RestAssate.GETvalueofEachnodes" time="10.091" errors="0" timestamp="2021-09-19T10:39:11 IST" skipped="0">
  <testcase classname="RestAssate.GETvalueofEachnodes" name="get" time="10.091"/>
  <system-out/>
</testsuite> <!-- RestAssate.GETvalueofEachnodes -->
