<?xml version="1.0" encoding="UTF-8"?>
<!-- Generated by org.testng.reporters.JUnitReportReporter -->
<testsuite hostname="sidharth" failures="0" tests="1" name="RestAssate.Delete_Method" time="8.239" errors="0" timestamp="2021-09-20T11:30:04 IST" skipped="0">
  <testcase classname="RestAssate.Delete_Method" name="Dlt_content" time="8.239"/>
  <system-out/>
</testsuite> <!-- RestAssate.Delete_Method -->
